0 info it worked if it ends with ok
1 verbose cli [ '/usr/bin/node', '/usr/bin/npm', 'i', 'uglify', '--save-dev' ]
2 info using npm@1.4.28
3 info using node@v0.10.33
4 verbose node symlink /usr/bin/node
5 verbose readDependencies using package.json deps
6 verbose cache add [ 'uglify', null ]
7 verbose cache add name=undefined spec="uglify" args=["uglify",null]
8 verbose parsed url { protocol: null,
8 verbose parsed url   slashes: null,
8 verbose parsed url   auth: null,
8 verbose parsed url   host: null,
8 verbose parsed url   port: null,
8 verbose parsed url   hostname: null,
8 verbose parsed url   hash: null,
8 verbose parsed url   search: null,
8 verbose parsed url   query: null,
8 verbose parsed url   pathname: 'uglify',
8 verbose parsed url   path: 'uglify',
8 verbose parsed url   href: 'uglify' }
9 silly lockFile e8fa4098-uglify uglify
10 verbose lock uglify /home/juliosaito/.npm/e8fa4098-uglify.lock
11 silly lockFile e8fa4098-uglify uglify
12 silly lockFile e8fa4098-uglify uglify
13 verbose addNamed [ 'uglify', '' ]
14 verbose addNamed [ null, '*' ]
15 silly lockFile 67e93562-uglify uglify@
16 verbose lock uglify@ /home/juliosaito/.npm/67e93562-uglify.lock
17 silly addNameRange { name: 'uglify', range: '*', hasData: false }
18 verbose request where is /uglify
19 verbose request registry https://registry.npmjs.org/
20 verbose request id 193aefb73a77cc68
21 verbose url raw /uglify
22 verbose url resolving [ 'https://registry.npmjs.org/', './uglify' ]
23 verbose url resolved https://registry.npmjs.org/uglify
24 verbose request where is https://registry.npmjs.org/uglify
25 info trying registry request attempt 1 at 12:06:00
26 http GET https://registry.npmjs.org/uglify
27 http 404 https://registry.npmjs.org/uglify
28 verbose headers { date: 'Mon, 03 Nov 2014 14:06:02 GMT',
28 verbose headers   server: 'CouchDB/1.5.0 (Erlang OTP/R16B03)',
28 verbose headers   'content-type': 'application/json',
28 verbose headers   'cache-control': 'max-age=0',
28 verbose headers   'content-length': '52',
28 verbose headers   'accept-ranges': 'bytes',
28 verbose headers   via: '1.1 varnish',
28 verbose headers   age: '0',
28 verbose headers   'x-served-by': 'cache-lcy1128-LCY',
28 verbose headers   'x-cache': 'MISS',
28 verbose headers   'x-cache-hits': '0',
28 verbose headers   'x-timer': 'S1415023561.842346,VS0,VE353',
28 verbose headers   'keep-alive': 'timeout=10, max=50',
28 verbose headers   connection: 'Keep-Alive' }
29 silly registry.get cb [ 404,
29 silly registry.get   { date: 'Mon, 03 Nov 2014 14:06:02 GMT',
29 silly registry.get     server: 'CouchDB/1.5.0 (Erlang OTP/R16B03)',
29 silly registry.get     'content-type': 'application/json',
29 silly registry.get     'cache-control': 'max-age=0',
29 silly registry.get     'content-length': '52',
29 silly registry.get     'accept-ranges': 'bytes',
29 silly registry.get     via: '1.1 varnish',
29 silly registry.get     age: '0',
29 silly registry.get     'x-served-by': 'cache-lcy1128-LCY',
29 silly registry.get     'x-cache': 'MISS',
29 silly registry.get     'x-cache-hits': '0',
29 silly registry.get     'x-timer': 'S1415023561.842346,VS0,VE353',
29 silly registry.get     'keep-alive': 'timeout=10, max=50',
29 silly registry.get     connection: 'Keep-Alive' } ]
30 silly lockFile 67e93562-uglify uglify@
31 silly lockFile 67e93562-uglify uglify@
32 error 404 404 Not Found: uglify
32 error 404
32 error 404 'uglify' is not in the npm registry.
32 error 404 You should bug the author to publish it
32 error 404 It was specified as a dependency of 'azk-landpage'
32 error 404
32 error 404 Note that you can also install from a
32 error 404 tarball, folder, or http url, or git url.
33 error System Linux 3.13.0-39-generic
34 error command "/usr/bin/node" "/usr/bin/npm" "i" "uglify" "--save-dev"
35 error cwd /home/juliosaito/_git/azukiapp.github.io
36 error node -v v0.10.33
37 error npm -v 1.4.28
38 error code E404
39 verbose exit [ 1, true ]
